<?xml version="1.0" ?>
<testsuite errors="0" failures="0" name="TestHello-20210617225057" tests="1" time="1.116">
	<testcase classname="TestHello" name="test_hello" time="1.116"/>
	<system-out>
<![CDATA[]]>	</system-out>
	<system-err>
<![CDATA[]]>	</system-err>
</testsuite>
