<?xml version="1.0" ?>
<testsuite errors="0" failures="0" name="TestHello-20210617222717" tests="1" time="0.834">
	<testcase classname="TestHello" name="test_hello" time="0.834"/>
	<system-out>
<![CDATA[]]>	</system-out>
	<system-err>
<![CDATA[]]>	</system-err>
</testsuite>
